::1 - - [29/Jul/2019:12:01:27 +0000] "GET / HTTP/1.1" 200 - "http://localhost:5000/login" "Mozilla/5.0 (Windows NT 10.0; Win64; x64) AppleWebKit/537.36 (KHTML, like Gecko) Chrome/75.0.3770.142 Safari/537.36"
::1 - - [29/Jul/2019:12:01:36 +0000] "GET / HTTP/1.1" 200 - "http://localhost:5000/login" "Mozilla/5.0 (Windows NT 10.0; Win64; x64) AppleWebKit/537.36 (KHTML, like Gecko) Chrome/75.0.3770.142 Safari/537.36"
::1 - - [29/Jul/2019:12:02:38 +0000] "GET /login HTTP/1.1" 200 - "http://localhost:5000/" "Mozilla/5.0 (Windows NT 10.0; Win64; x64) AppleWebKit/537.36 (KHTML, like Gecko) Chrome/75.0.3770.142 Safari/537.36"
::1 - - [29/Jul/2019:12:03:02 +0000] "POST /login HTTP/1.1" 302 46 "http://localhost:5000/login" "Mozilla/5.0 (Windows NT 10.0; Win64; x64) AppleWebKit/537.36 (KHTML, like Gecko) Chrome/75.0.3770.142 Safari/537.36"
::1 - - [29/Jul/2019:12:03:04 +0000] "GET / HTTP/1.1" 200 - "http://localhost:5000/login" "Mozilla/5.0 (Windows NT 10.0; Win64; x64) AppleWebKit/537.36 (KHTML, like Gecko) Chrome/75.0.3770.142 Safari/537.36"
::1 - - [29/Jul/2019:12:03:16 +0000] "GET /admin/add-product HTTP/1.1" 200 - "http://localhost:5000/" "Mozilla/5.0 (Windows NT 10.0; Win64; x64) AppleWebKit/537.36 (KHTML, like Gecko) Chrome/75.0.3770.142 Safari/537.36"
::1 - - [29/Jul/2019:12:03:39 +0000] "POST /admin/add-product HTTP/1.1" 302 74 "http://localhost:5000/admin/add-product" "Mozilla/5.0 (Windows NT 10.0; Win64; x64) AppleWebKit/537.36 (KHTML, like Gecko) Chrome/75.0.3770.142 Safari/537.36"
::1 - - [29/Jul/2019:12:03:40 +0000] "GET /admin/products HTTP/1.1" 200 - "http://localhost:5000/admin/add-product" "Mozilla/5.0 (Windows NT 10.0; Win64; x64) AppleWebKit/537.36 (KHTML, like Gecko) Chrome/75.0.3770.142 Safari/537.36"
::1 - - [27/Aug/2019:11:39:44 +0000] "GET / HTTP/1.1" 200 - "-" "Mozilla/5.0 (Windows NT 10.0; Win64; x64) AppleWebKit/537.36 (KHTML, like Gecko) Chrome/76.0.3809.100 Safari/537.36"
::1 - - [27/Aug/2019:11:39:47 +0000] "GET /images/2019-07-29T13-20-46.198Z-achievement-adult-agreement-1153213.jpg HTTP/1.1" 404 - "http://localhost:5000/" "Mozilla/5.0 (Windows NT 10.0; Win64; x64) AppleWebKit/537.36 (KHTML, like Gecko) Chrome/76.0.3809.100 Safari/537.36"
::1 - - [27/Aug/2019:11:39:47 +0000] "GET /images/2019-07-29T13-19-23.738Z-achievement-adult-agreement-1153213.jpg HTTP/1.1" 404 - "http://localhost:5000/" "Mozilla/5.0 (Windows NT 10.0; Win64; x64) AppleWebKit/537.36 (KHTML, like Gecko) Chrome/76.0.3809.100 Safari/537.36"
::1 - - [27/Aug/2019:11:39:50 +0000] "GET /images/2019-07-29T13-21-42.097Z-achievement-adult-agreement-1153213.jpg HTTP/1.1" 404 - "http://localhost:5000/" "Mozilla/5.0 (Windows NT 10.0; Win64; x64) AppleWebKit/537.36 (KHTML, like Gecko) Chrome/76.0.3809.100 Safari/537.36"
::1 - - [27/Aug/2019:11:39:50 +0000] "GET /favicon.ico HTTP/1.1" 404 - "http://localhost:5000/" "Mozilla/5.0 (Windows NT 10.0; Win64; x64) AppleWebKit/537.36 (KHTML, like Gecko) Chrome/76.0.3809.100 Safari/537.36"
::1 - - [27/Aug/2019:11:40:15 +0000] "GET /login HTTP/1.1" 200 - "http://localhost:5000/" "Mozilla/5.0 (Windows NT 10.0; Win64; x64) AppleWebKit/537.36 (KHTML, like Gecko) Chrome/76.0.3809.100 Safari/537.36"
::1 - - [27/Aug/2019:11:40:31 +0000] "POST /login HTTP/1.1" 302 46 "http://localhost:5000/login" "Mozilla/5.0 (Windows NT 10.0; Win64; x64) AppleWebKit/537.36 (KHTML, like Gecko) Chrome/76.0.3809.100 Safari/537.36"
::1 - - [27/Aug/2019:11:40:33 +0000] "GET / HTTP/1.1" 200 - "http://localhost:5000/login" "Mozilla/5.0 (Windows NT 10.0; Win64; x64) AppleWebKit/537.36 (KHTML, like Gecko) Chrome/76.0.3809.100 Safari/537.36"
::1 - - [27/Aug/2019:11:40:34 +0000] "GET /images/2019-07-29T13-19-23.738Z-achievement-adult-agreement-1153213.jpg HTTP/1.1" 404 - "http://localhost:5000/" "Mozilla/5.0 (Windows NT 10.0; Win64; x64) AppleWebKit/537.36 (KHTML, like Gecko) Chrome/76.0.3809.100 Safari/537.36"
::1 - - [27/Aug/2019:11:40:37 +0000] "GET /images/2019-07-29T13-20-46.198Z-achievement-adult-agreement-1153213.jpg HTTP/1.1" 404 - "http://localhost:5000/" "Mozilla/5.0 (Windows NT 10.0; Win64; x64) AppleWebKit/537.36 (KHTML, like Gecko) Chrome/76.0.3809.100 Safari/537.36"
::1 - - [27/Aug/2019:11:40:37 +0000] "GET /images/2019-07-29T13-21-42.097Z-achievement-adult-agreement-1153213.jpg HTTP/1.1" 404 - "http://localhost:5000/" "Mozilla/5.0 (Windows NT 10.0; Win64; x64) AppleWebKit/537.36 (KHTML, like Gecko) Chrome/76.0.3809.100 Safari/537.36"
::1 - - [27/Aug/2019:11:40:40 +0000] "GET /admin/products HTTP/1.1" 200 - "http://localhost:5000/" "Mozilla/5.0 (Windows NT 10.0; Win64; x64) AppleWebKit/537.36 (KHTML, like Gecko) Chrome/76.0.3809.100 Safari/537.36"
::1 - - [27/Aug/2019:11:40:41 +0000] "GET /images/2019-07-29T13-19-23.738Z-achievement-adult-agreement-1153213.jpg HTTP/1.1" 404 - "http://localhost:5000/admin/products" "Mozilla/5.0 (Windows NT 10.0; Win64; x64) AppleWebKit/537.36 (KHTML, like Gecko) Chrome/76.0.3809.100 Safari/537.36"
::1 - - [27/Aug/2019:11:40:41 +0000] "GET /images/2019-07-29T13-20-46.198Z-achievement-adult-agreement-1153213.jpg HTTP/1.1" 404 - "http://localhost:5000/admin/products" "Mozilla/5.0 (Windows NT 10.0; Win64; x64) AppleWebKit/537.36 (KHTML, like Gecko) Chrome/76.0.3809.100 Safari/537.36"
::1 - - [27/Aug/2019:11:40:41 +0000] "GET /images/2019-07-29T13-21-42.097Z-achievement-adult-agreement-1153213.jpg HTTP/1.1" 404 - "http://localhost:5000/admin/products" "Mozilla/5.0 (Windows NT 10.0; Win64; x64) AppleWebKit/537.36 (KHTML, like Gecko) Chrome/76.0.3809.100 Safari/537.36"
::1 - - [27/Aug/2019:11:40:44 +0000] "DELETE /admin/product/5d3ef26bea3a090004c63d0b HTTP/1.1" 500 32 "http://localhost:5000/admin/products" "Mozilla/5.0 (Windows NT 10.0; Win64; x64) AppleWebKit/537.36 (KHTML, like Gecko) Chrome/76.0.3809.100 Safari/537.36"
::1 - - [27/Aug/2019:11:40:47 +0000] "DELETE /admin/product/5d3ef2b8ea3a090004c63d0c HTTP/1.1" 500 32 "http://localhost:5000/admin/products" "Mozilla/5.0 (Windows NT 10.0; Win64; x64) AppleWebKit/537.36 (KHTML, like Gecko) Chrome/76.0.3809.100 Safari/537.36"
::1 - - [27/Aug/2019:11:40:50 +0000] "DELETE /admin/product/5d3ef2f3ea3a090004c63d0d HTTP/1.1" 500 32 "http://localhost:5000/admin/products" "Mozilla/5.0 (Windows NT 10.0; Win64; x64) AppleWebKit/537.36 (KHTML, like Gecko) Chrome/76.0.3809.100 Safari/537.36"
::1 - - [27/Aug/2019:11:40:53 +0000] "DELETE /admin/product/5d3ee09a4a8af425c4645d62 HTTP/1.1" 200 18 "http://localhost:5000/admin/products" "Mozilla/5.0 (Windows NT 10.0; Win64; x64) AppleWebKit/537.36 (KHTML, like Gecko) Chrome/76.0.3809.100 Safari/537.36"
::1 - - [27/Aug/2019:11:40:58 +0000] "GET / HTTP/1.1" 200 - "http://localhost:5000/admin/products" "Mozilla/5.0 (Windows NT 10.0; Win64; x64) AppleWebKit/537.36 (KHTML, like Gecko) Chrome/76.0.3809.100 Safari/537.36"
::1 - - [27/Aug/2019:11:40:58 +0000] "GET /images/2019-07-29T13-20-46.198Z-achievement-adult-agreement-1153213.jpg HTTP/1.1" 404 - "http://localhost:5000/" "Mozilla/5.0 (Windows NT 10.0; Win64; x64) AppleWebKit/537.36 (KHTML, like Gecko) Chrome/76.0.3809.100 Safari/537.36"
::1 - - [27/Aug/2019:11:40:58 +0000] "GET /images/2019-07-29T13-19-23.738Z-achievement-adult-agreement-1153213.jpg HTTP/1.1" 404 - "http://localhost:5000/" "Mozilla/5.0 (Windows NT 10.0; Win64; x64) AppleWebKit/537.36 (KHTML, like Gecko) Chrome/76.0.3809.100 Safari/537.36"
::1 - - [27/Aug/2019:11:40:59 +0000] "GET /images/2019-07-29T13-21-42.097Z-achievement-adult-agreement-1153213.jpg HTTP/1.1" 404 - "http://localhost:5000/" "Mozilla/5.0 (Windows NT 10.0; Win64; x64) AppleWebKit/537.36 (KHTML, like Gecko) Chrome/76.0.3809.100 Safari/537.36"
::1 - - [27/Aug/2019:11:41:04 +0000] "GET /products HTTP/1.1" 200 - "http://localhost:5000/" "Mozilla/5.0 (Windows NT 10.0; Win64; x64) AppleWebKit/537.36 (KHTML, like Gecko) Chrome/76.0.3809.100 Safari/537.36"
::1 - - [27/Aug/2019:11:41:04 +0000] "GET /images/2019-07-29T13-19-23.738Z-achievement-adult-agreement-1153213.jpg HTTP/1.1" 404 - "http://localhost:5000/products" "Mozilla/5.0 (Windows NT 10.0; Win64; x64) AppleWebKit/537.36 (KHTML, like Gecko) Chrome/76.0.3809.100 Safari/537.36"
::1 - - [27/Aug/2019:11:41:04 +0000] "GET /images/2019-07-29T13-20-46.198Z-achievement-adult-agreement-1153213.jpg HTTP/1.1" 404 - "http://localhost:5000/products" "Mozilla/5.0 (Windows NT 10.0; Win64; x64) AppleWebKit/537.36 (KHTML, like Gecko) Chrome/76.0.3809.100 Safari/537.36"
::1 - - [27/Aug/2019:11:41:04 +0000] "GET /images/2019-07-29T13-21-42.097Z-achievement-adult-agreement-1153213.jpg HTTP/1.1" 404 - "http://localhost:5000/products" "Mozilla/5.0 (Windows NT 10.0; Win64; x64) AppleWebKit/537.36 (KHTML, like Gecko) Chrome/76.0.3809.100 Safari/537.36"
::1 - - [27/Aug/2019:11:41:10 +0000] "GET /admin/add-product HTTP/1.1" 200 - "http://localhost:5000/products" "Mozilla/5.0 (Windows NT 10.0; Win64; x64) AppleWebKit/537.36 (KHTML, like Gecko) Chrome/76.0.3809.100 Safari/537.36"
::1 - - [27/Aug/2019:11:45:54 +0000] "POST /admin/add-product HTTP/1.1" 302 74 "http://localhost:5000/admin/add-product" "Mozilla/5.0 (Windows NT 10.0; Win64; x64) AppleWebKit/537.36 (KHTML, like Gecko) Chrome/76.0.3809.100 Safari/537.36"
::1 - - [27/Aug/2019:11:45:55 +0000] "GET /admin/products HTTP/1.1" 200 - "http://localhost:5000/admin/add-product" "Mozilla/5.0 (Windows NT 10.0; Win64; x64) AppleWebKit/537.36 (KHTML, like Gecko) Chrome/76.0.3809.100 Safari/537.36"
::1 - - [27/Aug/2019:11:45:56 +0000] "GET /images/2019-07-29T13-19-23.738Z-achievement-adult-agreement-1153213.jpg HTTP/1.1" 404 - "http://localhost:5000/admin/products" "Mozilla/5.0 (Windows NT 10.0; Win64; x64) AppleWebKit/537.36 (KHTML, like Gecko) Chrome/76.0.3809.100 Safari/537.36"
::1 - - [27/Aug/2019:11:45:56 +0000] "GET /images/2019-07-29T13-20-46.198Z-achievement-adult-agreement-1153213.jpg HTTP/1.1" 404 - "http://localhost:5000/admin/products" "Mozilla/5.0 (Windows NT 10.0; Win64; x64) AppleWebKit/537.36 (KHTML, like Gecko) Chrome/76.0.3809.100 Safari/537.36"
::1 - - [27/Aug/2019:11:45:56 +0000] "GET /images/2019-07-29T13-21-42.097Z-achievement-adult-agreement-1153213.jpg HTTP/1.1" 404 - "http://localhost:5000/admin/products" "Mozilla/5.0 (Windows NT 10.0; Win64; x64) AppleWebKit/537.36 (KHTML, like Gecko) Chrome/76.0.3809.100 Safari/537.36"
::1 - - [27/Aug/2019:11:46:06 +0000] "DELETE /admin/product/5d3ef26bea3a090004c63d0b HTTP/1.1" 500 32 "http://localhost:5000/admin/products" "Mozilla/5.0 (Windows NT 10.0; Win64; x64) AppleWebKit/537.36 (KHTML, like Gecko) Chrome/76.0.3809.100 Safari/537.36"
::1 - - [27/Aug/2019:11:46:08 +0000] "DELETE /admin/product/5d3ef2b8ea3a090004c63d0c HTTP/1.1" 500 32 "http://localhost:5000/admin/products" "Mozilla/5.0 (Windows NT 10.0; Win64; x64) AppleWebKit/537.36 (KHTML, like Gecko) Chrome/76.0.3809.100 Safari/537.36"
::1 - - [27/Aug/2019:11:46:11 +0000] "DELETE /admin/product/5d3ef2f3ea3a090004c63d0d HTTP/1.1" 500 32 "http://localhost:5000/admin/products" "Mozilla/5.0 (Windows NT 10.0; Win64; x64) AppleWebKit/537.36 (KHTML, like Gecko) Chrome/76.0.3809.100 Safari/537.36"
::1 - - [27/Aug/2019:11:46:14 +0000] "GET / HTTP/1.1" 200 - "http://localhost:5000/admin/products" "Mozilla/5.0 (Windows NT 10.0; Win64; x64) AppleWebKit/537.36 (KHTML, like Gecko) Chrome/76.0.3809.100 Safari/537.36"
::1 - - [27/Aug/2019:11:46:15 +0000] "GET /images/2019-07-29T13-19-23.738Z-achievement-adult-agreement-1153213.jpg HTTP/1.1" 404 - "http://localhost:5000/" "Mozilla/5.0 (Windows NT 10.0; Win64; x64) AppleWebKit/537.36 (KHTML, like Gecko) Chrome/76.0.3809.100 Safari/537.36"
::1 - - [27/Aug/2019:11:46:15 +0000] "GET /images/2019-07-29T13-20-46.198Z-achievement-adult-agreement-1153213.jpg HTTP/1.1" 404 - "http://localhost:5000/" "Mozilla/5.0 (Windows NT 10.0; Win64; x64) AppleWebKit/537.36 (KHTML, like Gecko) Chrome/76.0.3809.100 Safari/537.36"
::1 - - [27/Aug/2019:11:46:16 +0000] "GET /images/2019-07-29T13-21-42.097Z-achievement-adult-agreement-1153213.jpg HTTP/1.1" 404 - "http://localhost:5000/" "Mozilla/5.0 (Windows NT 10.0; Win64; x64) AppleWebKit/537.36 (KHTML, like Gecko) Chrome/76.0.3809.100 Safari/537.36"
::1 - - [27/Aug/2019:11:46:20 +0000] "GET /admin/products HTTP/1.1" 200 - "http://localhost:5000/" "Mozilla/5.0 (Windows NT 10.0; Win64; x64) AppleWebKit/537.36 (KHTML, like Gecko) Chrome/76.0.3809.100 Safari/537.36"
::1 - - [27/Aug/2019:11:46:20 +0000] "GET /images/2019-07-29T13-20-46.198Z-achievement-adult-agreement-1153213.jpg HTTP/1.1" 404 - "http://localhost:5000/admin/products" "Mozilla/5.0 (Windows NT 10.0; Win64; x64) AppleWebKit/537.36 (KHTML, like Gecko) Chrome/76.0.3809.100 Safari/537.36"
::1 - - [27/Aug/2019:11:46:21 +0000] "GET /images/2019-07-29T13-19-23.738Z-achievement-adult-agreement-1153213.jpg HTTP/1.1" 404 - "http://localhost:5000/admin/products" "Mozilla/5.0 (Windows NT 10.0; Win64; x64) AppleWebKit/537.36 (KHTML, like Gecko) Chrome/76.0.3809.100 Safari/537.36"
::1 - - [27/Aug/2019:11:46:21 +0000] "GET /images/2019-07-29T13-21-42.097Z-achievement-adult-agreement-1153213.jpg HTTP/1.1" 404 - "http://localhost:5000/admin/products" "Mozilla/5.0 (Windows NT 10.0; Win64; x64) AppleWebKit/537.36 (KHTML, like Gecko) Chrome/76.0.3809.100 Safari/537.36"
::1 - - [27/Aug/2019:11:46:30 +0000] "DELETE /admin/product/5d3ef26bea3a090004c63d0b HTTP/1.1" 500 32 "http://localhost:5000/admin/products" "Mozilla/5.0 (Windows NT 10.0; Win64; x64) AppleWebKit/537.36 (KHTML, like Gecko) Chrome/76.0.3809.100 Safari/537.36"
::1 - - [27/Aug/2019:11:46:39 +0000] "GET /admin/products HTTP/1.1" 200 - "http://localhost:5000/" "Mozilla/5.0 (Windows NT 10.0; Win64; x64) AppleWebKit/537.36 (KHTML, like Gecko) Chrome/76.0.3809.100 Safari/537.36"
::1 - - [27/Aug/2019:11:46:40 +0000] "GET /images/2019-07-29T13-19-23.738Z-achievement-adult-agreement-1153213.jpg HTTP/1.1" 404 - "http://localhost:5000/admin/products" "Mozilla/5.0 (Windows NT 10.0; Win64; x64) AppleWebKit/537.36 (KHTML, like Gecko) Chrome/76.0.3809.100 Safari/537.36"
::1 - - [27/Aug/2019:11:46:40 +0000] "GET /images/2019-07-29T13-20-46.198Z-achievement-adult-agreement-1153213.jpg HTTP/1.1" 404 - "http://localhost:5000/admin/products" "Mozilla/5.0 (Windows NT 10.0; Win64; x64) AppleWebKit/537.36 (KHTML, like Gecko) Chrome/76.0.3809.100 Safari/537.36"
::1 - - [27/Aug/2019:11:46:40 +0000] "GET /images/2019-07-29T13-21-42.097Z-achievement-adult-agreement-1153213.jpg HTTP/1.1" 404 - "http://localhost:5000/admin/products" "Mozilla/5.0 (Windows NT 10.0; Win64; x64) AppleWebKit/537.36 (KHTML, like Gecko) Chrome/76.0.3809.100 Safari/537.36"
